Started GET "/" for ::1 at 2024-01-03 23:08:35 +0530
  [1m[35m (0.2ms)[0m  [1m[35mCREATE TABLE "schema_migrations" ("version" varchar NOT NULL PRIMARY KEY)[0m
  [1m[35m (0.1ms)[0m  [1m[35mCREATE TABLE "ar_internal_metadata" ("key" varchar NOT NULL PRIMARY KEY, "value" varchar, "created_at" datetime(6) NOT NULL, "updated_at" datetime(6) NOT NULL)[0m
  [1m[36mActiveRecord::SchemaMigration Load (0.1ms)[0m  [1m[34mSELECT "schema_migrations"."version" FROM "schema_migrations" ORDER BY "schema_migrations"."version" ASC[0m
Processing by Rails::WelcomeController#index as HTML
  Rendering /Users/agam1092005/.rvm/rubies/ruby-3.2.0/lib/ruby/gems/3.2.0/gems/railties-7.1.2/lib/rails/templates/rails/welcome/index.html.erb
  Rendered /Users/agam1092005/.rvm/rubies/ruby-3.2.0/lib/ruby/gems/3.2.0/gems/railties-7.1.2/lib/rails/templates/rails/welcome/index.html.erb (Duration: 0.3ms | Allocations: 375)
Completed 200 OK in 13ms (Views: 3.9ms | ActiveRecord: 0.0ms | Allocations: 7881)


Started GET "/" for ::1 at 2024-01-03 23:10:02 +0530
  
AbstractController::ActionNotFound (The action 'page' could not be found for ApplicationController):
  
actionpack (7.1.2) lib/abstract_controller/base.rb:155:in `process'
actionview (7.1.2) lib/action_view/rendering.rb:40:in `process'
actionpack (7.1.2) lib/action_controller/metal.rb:227:in `dispatch'
actionpack (7.1.2) lib/action_controller/metal.rb:309:in `dispatch'
actionpack (7.1.2) lib/action_dispatch/routing/route_set.rb:49:in `dispatch'
actionpack (7.1.2) lib/action_dispatch/routing/route_set.rb:32:in `serve'
actionpack (7.1.2) lib/action_dispatch/journey/router.rb:51:in `block in serve'
actionpack (7.1.2) lib/action_dispatch/journey/router.rb:131:in `block in find_routes'
actionpack (7.1.2) lib/action_dispatch/journey/router.rb:124:in `each'
actionpack (7.1.2) lib/action_dispatch/journey/router.rb:124:in `find_routes'
actionpack (7.1.2) lib/action_dispatch/journey/router.rb:32:in `serve'
actionpack (7.1.2) lib/action_dispatch/routing/route_set.rb:882:in `call'
rack (3.0.8) lib/rack/tempfile_reaper.rb:20:in `call'
rack (3.0.8) lib/rack/etag.rb:29:in `call'
rack (3.0.8) lib/rack/conditional_get.rb:31:in `call'
rack (3.0.8) lib/rack/head.rb:15:in `call'
actionpack (7.1.2) lib/action_dispatch/http/permissions_policy.rb:36:in `call'
actionpack (7.1.2) lib/action_dispatch/http/content_security_policy.rb:33:in `call'
rack-session (2.0.0) lib/rack/session/abstract/id.rb:272:in `context'
rack-session (2.0.0) lib/rack/session/abstract/id.rb:266:in `call'
actionpack (7.1.2) lib/action_dispatch/middleware/cookies.rb:689:in `call'
activerecord (7.1.2) lib/active_record/migration.rb:654:in `call'
actionpack (7.1.2) lib/action_dispatch/middleware/callbacks.rb:29:in `block in call'
activesupport (7.1.2) lib/active_support/callbacks.rb:101:in `run_callbacks'
actionpack (7.1.2) lib/action_dispatch/middleware/callbacks.rb:28:in `call'
actionpack (7.1.2) lib/action_dispatch/middleware/executor.rb:14:in `call'
actionpack (7.1.2) lib/action_dispatch/middleware/actionable_exceptions.rb:16:in `call'
actionpack (7.1.2) lib/action_dispatch/middleware/debug_exceptions.rb:29:in `call'
web-console (4.2.1) lib/web_console/middleware.rb:132:in `call_app'
web-console (4.2.1) lib/web_console/middleware.rb:28:in `block in call'
web-console (4.2.1) lib/web_console/middleware.rb:17:in `catch'
web-console (4.2.1) lib/web_console/middleware.rb:17:in `call'
actionpack (7.1.2) lib/action_dispatch/middleware/show_exceptions.rb:31:in `call'
railties (7.1.2) lib/rails/rack/logger.rb:37:in `call_app'
railties (7.1.2) lib/rails/rack/logger.rb:24:in `block in call'
activesupport (7.1.2) lib/active_support/tagged_logging.rb:135:in `block in tagged'
activesupport (7.1.2) lib/active_support/tagged_logging.rb:39:in `tagged'
activesupport (7.1.2) lib/active_support/tagged_logging.rb:135:in `tagged'
activesupport (7.1.2) lib/active_support/broadcast_logger.rb:240:in `method_missing'
railties (7.1.2) lib/rails/rack/logger.rb:24:in `call'
sprockets-rails (3.4.2) lib/sprockets/rails/quiet_assets.rb:13:in `call'
actionpack (7.1.2) lib/action_dispatch/middleware/remote_ip.rb:92:in `call'
actionpack (7.1.2) lib/action_dispatch/middleware/request_id.rb:28:in `call'
rack (3.0.8) lib/rack/method_override.rb:28:in `call'
rack (3.0.8) lib/rack/runtime.rb:24:in `call'
activesupport (7.1.2) lib/active_support/cache/strategy/local_cache_middleware.rb:29:in `call'
actionpack (7.1.2) lib/action_dispatch/middleware/server_timing.rb:59:in `block in call'
actionpack (7.1.2) lib/action_dispatch/middleware/server_timing.rb:24:in `collect_events'
actionpack (7.1.2) lib/action_dispatch/middleware/server_timing.rb:58:in `call'
actionpack (7.1.2) lib/action_dispatch/middleware/executor.rb:14:in `call'
actionpack (7.1.2) lib/action_dispatch/middleware/static.rb:25:in `call'
rack (3.0.8) lib/rack/sendfile.rb:114:in `call'
actionpack (7.1.2) lib/action_dispatch/middleware/host_authorization.rb:141:in `call'
railties (7.1.2) lib/rails/engine.rb:529:in `call'
puma (6.4.1) lib/puma/configuration.rb:272:in `call'
puma (6.4.1) lib/puma/request.rb:100:in `block in handle_request'
puma (6.4.1) lib/puma/thread_pool.rb:378:in `with_force_shutdown'
puma (6.4.1) lib/puma/request.rb:99:in `handle_request'
puma (6.4.1) lib/puma/server.rb:464:in `process_client'
puma (6.4.1) lib/puma/server.rb:245:in `block in run'
puma (6.4.1) lib/puma/thread_pool.rb:155:in `block in spawn_thread'
Started GET "/" for ::1 at 2024-01-03 23:10:51 +0530
  
AbstractController::ActionNotFound (The action 'page' could not be found for ApplicationController):
  
actionpack (7.1.2) lib/abstract_controller/base.rb:155:in `process'
actionview (7.1.2) lib/action_view/rendering.rb:40:in `process'
actionpack (7.1.2) lib/action_controller/metal.rb:227:in `dispatch'
actionpack (7.1.2) lib/action_controller/metal.rb:309:in `dispatch'
actionpack (7.1.2) lib/action_dispatch/routing/route_set.rb:49:in `dispatch'
actionpack (7.1.2) lib/action_dispatch/routing/route_set.rb:32:in `serve'
actionpack (7.1.2) lib/action_dispatch/journey/router.rb:51:in `block in serve'
actionpack (7.1.2) lib/action_dispatch/journey/router.rb:131:in `block in find_routes'
actionpack (7.1.2) lib/action_dispatch/journey/router.rb:124:in `each'
actionpack (7.1.2) lib/action_dispatch/journey/router.rb:124:in `find_routes'
actionpack (7.1.2) lib/action_dispatch/journey/router.rb:32:in `serve'
actionpack (7.1.2) lib/action_dispatch/routing/route_set.rb:882:in `call'
rack (3.0.8) lib/rack/tempfile_reaper.rb:20:in `call'
rack (3.0.8) lib/rack/etag.rb:29:in `call'
rack (3.0.8) lib/rack/conditional_get.rb:31:in `call'
rack (3.0.8) lib/rack/head.rb:15:in `call'
actionpack (7.1.2) lib/action_dispatch/http/permissions_policy.rb:36:in `call'
actionpack (7.1.2) lib/action_dispatch/http/content_security_policy.rb:33:in `call'
rack-session (2.0.0) lib/rack/session/abstract/id.rb:272:in `context'
rack-session (2.0.0) lib/rack/session/abstract/id.rb:266:in `call'
actionpack (7.1.2) lib/action_dispatch/middleware/cookies.rb:689:in `call'
activerecord (7.1.2) lib/active_record/migration.rb:654:in `call'
actionpack (7.1.2) lib/action_dispatch/middleware/callbacks.rb:29:in `block in call'
activesupport (7.1.2) lib/active_support/callbacks.rb:101:in `run_callbacks'
actionpack (7.1.2) lib/action_dispatch/middleware/callbacks.rb:28:in `call'
actionpack (7.1.2) lib/action_dispatch/middleware/executor.rb:14:in `call'
actionpack (7.1.2) lib/action_dispatch/middleware/actionable_exceptions.rb:16:in `call'
actionpack (7.1.2) lib/action_dispatch/middleware/debug_exceptions.rb:29:in `call'
web-console (4.2.1) lib/web_console/middleware.rb:132:in `call_app'
web-console (4.2.1) lib/web_console/middleware.rb:28:in `block in call'
web-console (4.2.1) lib/web_console/middleware.rb:17:in `catch'
web-console (4.2.1) lib/web_console/middleware.rb:17:in `call'
actionpack (7.1.2) lib/action_dispatch/middleware/show_exceptions.rb:31:in `call'
railties (7.1.2) lib/rails/rack/logger.rb:37:in `call_app'
railties (7.1.2) lib/rails/rack/logger.rb:24:in `block in call'
activesupport (7.1.2) lib/active_support/tagged_logging.rb:135:in `block in tagged'
activesupport (7.1.2) lib/active_support/tagged_logging.rb:39:in `tagged'
activesupport (7.1.2) lib/active_support/tagged_logging.rb:135:in `tagged'
activesupport (7.1.2) lib/active_support/broadcast_logger.rb:240:in `method_missing'
railties (7.1.2) lib/rails/rack/logger.rb:24:in `call'
sprockets-rails (3.4.2) lib/sprockets/rails/quiet_assets.rb:13:in `call'
actionpack (7.1.2) lib/action_dispatch/middleware/remote_ip.rb:92:in `call'
actionpack (7.1.2) lib/action_dispatch/middleware/request_id.rb:28:in `call'
rack (3.0.8) lib/rack/method_override.rb:28:in `call'
rack (3.0.8) lib/rack/runtime.rb:24:in `call'
activesupport (7.1.2) lib/active_support/cache/strategy/local_cache_middleware.rb:29:in `call'
actionpack (7.1.2) lib/action_dispatch/middleware/server_timing.rb:59:in `block in call'
actionpack (7.1.2) lib/action_dispatch/middleware/server_timing.rb:24:in `collect_events'
actionpack (7.1.2) lib/action_dispatch/middleware/server_timing.rb:58:in `call'
actionpack (7.1.2) lib/action_dispatch/middleware/executor.rb:14:in `call'
actionpack (7.1.2) lib/action_dispatch/middleware/static.rb:25:in `call'
rack (3.0.8) lib/rack/sendfile.rb:114:in `call'
actionpack (7.1.2) lib/action_dispatch/middleware/host_authorization.rb:141:in `call'
railties (7.1.2) lib/rails/engine.rb:529:in `call'
puma (6.4.1) lib/puma/configuration.rb:272:in `call'
puma (6.4.1) lib/puma/request.rb:100:in `block in handle_request'
puma (6.4.1) lib/puma/thread_pool.rb:378:in `with_force_shutdown'
puma (6.4.1) lib/puma/request.rb:99:in `handle_request'
puma (6.4.1) lib/puma/server.rb:464:in `process_client'
puma (6.4.1) lib/puma/server.rb:245:in `block in run'
puma (6.4.1) lib/puma/thread_pool.rb:155:in `block in spawn_thread'
Started GET "/" for ::1 at 2024-01-03 23:10:52 +0530
  
AbstractController::ActionNotFound (The action 'page' could not be found for ApplicationController):
  
actionpack (7.1.2) lib/abstract_controller/base.rb:155:in `process'
actionview (7.1.2) lib/action_view/rendering.rb:40:in `process'
actionpack (7.1.2) lib/action_controller/metal.rb:227:in `dispatch'
actionpack (7.1.2) lib/action_controller/metal.rb:309:in `dispatch'
actionpack (7.1.2) lib/action_dispatch/routing/route_set.rb:49:in `dispatch'
actionpack (7.1.2) lib/action_dispatch/routing/route_set.rb:32:in `serve'
actionpack (7.1.2) lib/action_dispatch/journey/router.rb:51:in `block in serve'
actionpack (7.1.2) lib/action_dispatch/journey/router.rb:131:in `block in find_routes'
actionpack (7.1.2) lib/action_dispatch/journey/router.rb:124:in `each'
actionpack (7.1.2) lib/action_dispatch/journey/router.rb:124:in `find_routes'
actionpack (7.1.2) lib/action_dispatch/journey/router.rb:32:in `serve'
actionpack (7.1.2) lib/action_dispatch/routing/route_set.rb:882:in `call'
rack (3.0.8) lib/rack/tempfile_reaper.rb:20:in `call'
rack (3.0.8) lib/rack/etag.rb:29:in `call'
rack (3.0.8) lib/rack/conditional_get.rb:31:in `call'
rack (3.0.8) lib/rack/head.rb:15:in `call'
actionpack (7.1.2) lib/action_dispatch/http/permissions_policy.rb:36:in `call'
actionpack (7.1.2) lib/action_dispatch/http/content_security_policy.rb:33:in `call'
rack-session (2.0.0) lib/rack/session/abstract/id.rb:272:in `context'
rack-session (2.0.0) lib/rack/session/abstract/id.rb:266:in `call'
actionpack (7.1.2) lib/action_dispatch/middleware/cookies.rb:689:in `call'
activerecord (7.1.2) lib/active_record/migration.rb:654:in `call'
actionpack (7.1.2) lib/action_dispatch/middleware/callbacks.rb:29:in `block in call'
activesupport (7.1.2) lib/active_support/callbacks.rb:101:in `run_callbacks'
actionpack (7.1.2) lib/action_dispatch/middleware/callbacks.rb:28:in `call'
actionpack (7.1.2) lib/action_dispatch/middleware/executor.rb:14:in `call'
actionpack (7.1.2) lib/action_dispatch/middleware/actionable_exceptions.rb:16:in `call'
actionpack (7.1.2) lib/action_dispatch/middleware/debug_exceptions.rb:29:in `call'
web-console (4.2.1) lib/web_console/middleware.rb:132:in `call_app'
web-console (4.2.1) lib/web_console/middleware.rb:28:in `block in call'
web-console (4.2.1) lib/web_console/middleware.rb:17:in `catch'
web-console (4.2.1) lib/web_console/middleware.rb:17:in `call'
actionpack (7.1.2) lib/action_dispatch/middleware/show_exceptions.rb:31:in `call'
railties (7.1.2) lib/rails/rack/logger.rb:37:in `call_app'
railties (7.1.2) lib/rails/rack/logger.rb:24:in `block in call'
activesupport (7.1.2) lib/active_support/tagged_logging.rb:135:in `block in tagged'
activesupport (7.1.2) lib/active_support/tagged_logging.rb:39:in `tagged'
activesupport (7.1.2) lib/active_support/tagged_logging.rb:135:in `tagged'
activesupport (7.1.2) lib/active_support/broadcast_logger.rb:240:in `method_missing'
railties (7.1.2) lib/rails/rack/logger.rb:24:in `call'
sprockets-rails (3.4.2) lib/sprockets/rails/quiet_assets.rb:13:in `call'
actionpack (7.1.2) lib/action_dispatch/middleware/remote_ip.rb:92:in `call'
actionpack (7.1.2) lib/action_dispatch/middleware/request_id.rb:28:in `call'
rack (3.0.8) lib/rack/method_override.rb:28:in `call'
rack (3.0.8) lib/rack/runtime.rb:24:in `call'
activesupport (7.1.2) lib/active_support/cache/strategy/local_cache_middleware.rb:29:in `call'
actionpack (7.1.2) lib/action_dispatch/middleware/server_timing.rb:59:in `block in call'
actionpack (7.1.2) lib/action_dispatch/middleware/server_timing.rb:24:in `collect_events'
actionpack (7.1.2) lib/action_dispatch/middleware/server_timing.rb:58:in `call'
actionpack (7.1.2) lib/action_dispatch/middleware/executor.rb:14:in `call'
actionpack (7.1.2) lib/action_dispatch/middleware/static.rb:25:in `call'
rack (3.0.8) lib/rack/sendfile.rb:114:in `call'
actionpack (7.1.2) lib/action_dispatch/middleware/host_authorization.rb:141:in `call'
railties (7.1.2) lib/rails/engine.rb:529:in `call'
puma (6.4.1) lib/puma/configuration.rb:272:in `call'
puma (6.4.1) lib/puma/request.rb:100:in `block in handle_request'
puma (6.4.1) lib/puma/thread_pool.rb:378:in `with_force_shutdown'
puma (6.4.1) lib/puma/request.rb:99:in `handle_request'
puma (6.4.1) lib/puma/server.rb:464:in `process_client'
puma (6.4.1) lib/puma/server.rb:245:in `block in run'
puma (6.4.1) lib/puma/thread_pool.rb:155:in `block in spawn_thread'
Started GET "/" for ::1 at 2024-01-03 23:10:53 +0530
  
AbstractController::ActionNotFound (The action 'page' could not be found for ApplicationController):
  
actionpack (7.1.2) lib/abstract_controller/base.rb:155:in `process'
actionview (7.1.2) lib/action_view/rendering.rb:40:in `process'
actionpack (7.1.2) lib/action_controller/metal.rb:227:in `dispatch'
actionpack (7.1.2) lib/action_controller/metal.rb:309:in `dispatch'
actionpack (7.1.2) lib/action_dispatch/routing/route_set.rb:49:in `dispatch'
actionpack (7.1.2) lib/action_dispatch/routing/route_set.rb:32:in `serve'
actionpack (7.1.2) lib/action_dispatch/journey/router.rb:51:in `block in serve'
actionpack (7.1.2) lib/action_dispatch/journey/router.rb:131:in `block in find_routes'
actionpack (7.1.2) lib/action_dispatch/journey/router.rb:124:in `each'
actionpack (7.1.2) lib/action_dispatch/journey/router.rb:124:in `find_routes'
actionpack (7.1.2) lib/action_dispatch/journey/router.rb:32:in `serve'
actionpack (7.1.2) lib/action_dispatch/routing/route_set.rb:882:in `call'
rack (3.0.8) lib/rack/tempfile_reaper.rb:20:in `call'
rack (3.0.8) lib/rack/etag.rb:29:in `call'
rack (3.0.8) lib/rack/conditional_get.rb:31:in `call'
rack (3.0.8) lib/rack/head.rb:15:in `call'
actionpack (7.1.2) lib/action_dispatch/http/permissions_policy.rb:36:in `call'
actionpack (7.1.2) lib/action_dispatch/http/content_security_policy.rb:33:in `call'
rack-session (2.0.0) lib/rack/session/abstract/id.rb:272:in `context'
rack-session (2.0.0) lib/rack/session/abstract/id.rb:266:in `call'
actionpack (7.1.2) lib/action_dispatch/middleware/cookies.rb:689:in `call'
activerecord (7.1.2) lib/active_record/migration.rb:654:in `call'
actionpack (7.1.2) lib/action_dispatch/middleware/callbacks.rb:29:in `block in call'
activesupport (7.1.2) lib/active_support/callbacks.rb:101:in `run_callbacks'
actionpack (7.1.2) lib/action_dispatch/middleware/callbacks.rb:28:in `call'
actionpack (7.1.2) lib/action_dispatch/middleware/executor.rb:14:in `call'
actionpack (7.1.2) lib/action_dispatch/middleware/actionable_exceptions.rb:16:in `call'
actionpack (7.1.2) lib/action_dispatch/middleware/debug_exceptions.rb:29:in `call'
web-console (4.2.1) lib/web_console/middleware.rb:132:in `call_app'
web-console (4.2.1) lib/web_console/middleware.rb:28:in `block in call'
web-console (4.2.1) lib/web_console/middleware.rb:17:in `catch'
web-console (4.2.1) lib/web_console/middleware.rb:17:in `call'
actionpack (7.1.2) lib/action_dispatch/middleware/show_exceptions.rb:31:in `call'
railties (7.1.2) lib/rails/rack/logger.rb:37:in `call_app'
railties (7.1.2) lib/rails/rack/logger.rb:24:in `block in call'
activesupport (7.1.2) lib/active_support/tagged_logging.rb:135:in `block in tagged'
activesupport (7.1.2) lib/active_support/tagged_logging.rb:39:in `tagged'
activesupport (7.1.2) lib/active_support/tagged_logging.rb:135:in `tagged'
activesupport (7.1.2) lib/active_support/broadcast_logger.rb:240:in `method_missing'
railties (7.1.2) lib/rails/rack/logger.rb:24:in `call'
sprockets-rails (3.4.2) lib/sprockets/rails/quiet_assets.rb:13:in `call'
actionpack (7.1.2) lib/action_dispatch/middleware/remote_ip.rb:92:in `call'
actionpack (7.1.2) lib/action_dispatch/middleware/request_id.rb:28:in `call'
rack (3.0.8) lib/rack/method_override.rb:28:in `call'
rack (3.0.8) lib/rack/runtime.rb:24:in `call'
activesupport (7.1.2) lib/active_support/cache/strategy/local_cache_middleware.rb:29:in `call'
actionpack (7.1.2) lib/action_dispatch/middleware/server_timing.rb:59:in `block in call'
actionpack (7.1.2) lib/action_dispatch/middleware/server_timing.rb:24:in `collect_events'
actionpack (7.1.2) lib/action_dispatch/middleware/server_timing.rb:58:in `call'
actionpack (7.1.2) lib/action_dispatch/middleware/executor.rb:14:in `call'
actionpack (7.1.2) lib/action_dispatch/middleware/static.rb:25:in `call'
rack (3.0.8) lib/rack/sendfile.rb:114:in `call'
actionpack (7.1.2) lib/action_dispatch/middleware/host_authorization.rb:141:in `call'
railties (7.1.2) lib/rails/engine.rb:529:in `call'
puma (6.4.1) lib/puma/configuration.rb:272:in `call'
puma (6.4.1) lib/puma/request.rb:100:in `block in handle_request'
puma (6.4.1) lib/puma/thread_pool.rb:378:in `with_force_shutdown'
puma (6.4.1) lib/puma/request.rb:99:in `handle_request'
puma (6.4.1) lib/puma/server.rb:464:in `process_client'
puma (6.4.1) lib/puma/server.rb:245:in `block in run'
puma (6.4.1) lib/puma/thread_pool.rb:155:in `block in spawn_thread'
Started GET "/" for ::1 at 2024-01-03 23:11:09 +0530
  
AbstractController::ActionNotFound (The action 'page' could not be found for ApplicationController):
  
actionpack (7.1.2) lib/abstract_controller/base.rb:155:in `process'
actionview (7.1.2) lib/action_view/rendering.rb:40:in `process'
actionpack (7.1.2) lib/action_controller/metal.rb:227:in `dispatch'
actionpack (7.1.2) lib/action_controller/metal.rb:309:in `dispatch'
actionpack (7.1.2) lib/action_dispatch/routing/route_set.rb:49:in `dispatch'
actionpack (7.1.2) lib/action_dispatch/routing/route_set.rb:32:in `serve'
actionpack (7.1.2) lib/action_dispatch/journey/router.rb:51:in `block in serve'
actionpack (7.1.2) lib/action_dispatch/journey/router.rb:131:in `block in find_routes'
actionpack (7.1.2) lib/action_dispatch/journey/router.rb:124:in `each'
actionpack (7.1.2) lib/action_dispatch/journey/router.rb:124:in `find_routes'
actionpack (7.1.2) lib/action_dispatch/journey/router.rb:32:in `serve'
actionpack (7.1.2) lib/action_dispatch/routing/route_set.rb:882:in `call'
rack (3.0.8) lib/rack/tempfile_reaper.rb:20:in `call'
rack (3.0.8) lib/rack/etag.rb:29:in `call'
rack (3.0.8) lib/rack/conditional_get.rb:31:in `call'
rack (3.0.8) lib/rack/head.rb:15:in `call'
actionpack (7.1.2) lib/action_dispatch/http/permissions_policy.rb:36:in `call'
actionpack (7.1.2) lib/action_dispatch/http/content_security_policy.rb:33:in `call'
rack-session (2.0.0) lib/rack/session/abstract/id.rb:272:in `context'
rack-session (2.0.0) lib/rack/session/abstract/id.rb:266:in `call'
actionpack (7.1.2) lib/action_dispatch/middleware/cookies.rb:689:in `call'
activerecord (7.1.2) lib/active_record/migration.rb:654:in `call'
actionpack (7.1.2) lib/action_dispatch/middleware/callbacks.rb:29:in `block in call'
activesupport (7.1.2) lib/active_support/callbacks.rb:101:in `run_callbacks'
actionpack (7.1.2) lib/action_dispatch/middleware/callbacks.rb:28:in `call'
actionpack (7.1.2) lib/action_dispatch/middleware/executor.rb:14:in `call'
actionpack (7.1.2) lib/action_dispatch/middleware/actionable_exceptions.rb:16:in `call'
actionpack (7.1.2) lib/action_dispatch/middleware/debug_exceptions.rb:29:in `call'
web-console (4.2.1) lib/web_console/middleware.rb:132:in `call_app'
web-console (4.2.1) lib/web_console/middleware.rb:28:in `block in call'
web-console (4.2.1) lib/web_console/middleware.rb:17:in `catch'
web-console (4.2.1) lib/web_console/middleware.rb:17:in `call'
actionpack (7.1.2) lib/action_dispatch/middleware/show_exceptions.rb:31:in `call'
railties (7.1.2) lib/rails/rack/logger.rb:37:in `call_app'
railties (7.1.2) lib/rails/rack/logger.rb:24:in `block in call'
activesupport (7.1.2) lib/active_support/tagged_logging.rb:135:in `block in tagged'
activesupport (7.1.2) lib/active_support/tagged_logging.rb:39:in `tagged'
activesupport (7.1.2) lib/active_support/tagged_logging.rb:135:in `tagged'
activesupport (7.1.2) lib/active_support/broadcast_logger.rb:240:in `method_missing'
railties (7.1.2) lib/rails/rack/logger.rb:24:in `call'
sprockets-rails (3.4.2) lib/sprockets/rails/quiet_assets.rb:13:in `call'
actionpack (7.1.2) lib/action_dispatch/middleware/remote_ip.rb:92:in `call'
actionpack (7.1.2) lib/action_dispatch/middleware/request_id.rb:28:in `call'
rack (3.0.8) lib/rack/method_override.rb:28:in `call'
rack (3.0.8) lib/rack/runtime.rb:24:in `call'
activesupport (7.1.2) lib/active_support/cache/strategy/local_cache_middleware.rb:29:in `call'
actionpack (7.1.2) lib/action_dispatch/middleware/server_timing.rb:59:in `block in call'
actionpack (7.1.2) lib/action_dispatch/middleware/server_timing.rb:24:in `collect_events'
actionpack (7.1.2) lib/action_dispatch/middleware/server_timing.rb:58:in `call'
actionpack (7.1.2) lib/action_dispatch/middleware/executor.rb:14:in `call'
actionpack (7.1.2) lib/action_dispatch/middleware/static.rb:25:in `call'
rack (3.0.8) lib/rack/sendfile.rb:114:in `call'
actionpack (7.1.2) lib/action_dispatch/middleware/host_authorization.rb:141:in `call'
railties (7.1.2) lib/rails/engine.rb:529:in `call'
puma (6.4.1) lib/puma/configuration.rb:272:in `call'
puma (6.4.1) lib/puma/request.rb:100:in `block in handle_request'
puma (6.4.1) lib/puma/thread_pool.rb:378:in `with_force_shutdown'
puma (6.4.1) lib/puma/request.rb:99:in `handle_request'
puma (6.4.1) lib/puma/server.rb:464:in `process_client'
puma (6.4.1) lib/puma/server.rb:245:in `block in run'
puma (6.4.1) lib/puma/thread_pool.rb:155:in `block in spawn_thread'
Started GET "/" for ::1 at 2024-01-03 23:11:10 +0530
  
AbstractController::ActionNotFound (The action 'page' could not be found for ApplicationController):
  
actionpack (7.1.2) lib/abstract_controller/base.rb:155:in `process'
actionview (7.1.2) lib/action_view/rendering.rb:40:in `process'
actionpack (7.1.2) lib/action_controller/metal.rb:227:in `dispatch'
actionpack (7.1.2) lib/action_controller/metal.rb:309:in `dispatch'
actionpack (7.1.2) lib/action_dispatch/routing/route_set.rb:49:in `dispatch'
actionpack (7.1.2) lib/action_dispatch/routing/route_set.rb:32:in `serve'
actionpack (7.1.2) lib/action_dispatch/journey/router.rb:51:in `block in serve'
actionpack (7.1.2) lib/action_dispatch/journey/router.rb:131:in `block in find_routes'
actionpack (7.1.2) lib/action_dispatch/journey/router.rb:124:in `each'
actionpack (7.1.2) lib/action_dispatch/journey/router.rb:124:in `find_routes'
actionpack (7.1.2) lib/action_dispatch/journey/router.rb:32:in `serve'
actionpack (7.1.2) lib/action_dispatch/routing/route_set.rb:882:in `call'
rack (3.0.8) lib/rack/tempfile_reaper.rb:20:in `call'
rack (3.0.8) lib/rack/etag.rb:29:in `call'
rack (3.0.8) lib/rack/conditional_get.rb:31:in `call'
rack (3.0.8) lib/rack/head.rb:15:in `call'
actionpack (7.1.2) lib/action_dispatch/http/permissions_policy.rb:36:in `call'
actionpack (7.1.2) lib/action_dispatch/http/content_security_policy.rb:33:in `call'
rack-session (2.0.0) lib/rack/session/abstract/id.rb:272:in `context'
rack-session (2.0.0) lib/rack/session/abstract/id.rb:266:in `call'
actionpack (7.1.2) lib/action_dispatch/middleware/cookies.rb:689:in `call'
activerecord (7.1.2) lib/active_record/migration.rb:654:in `call'
actionpack (7.1.2) lib/action_dispatch/middleware/callbacks.rb:29:in `block in call'
activesupport (7.1.2) lib/active_support/callbacks.rb:101:in `run_callbacks'
actionpack (7.1.2) lib/action_dispatch/middleware/callbacks.rb:28:in `call'
actionpack (7.1.2) lib/action_dispatch/middleware/executor.rb:14:in `call'
actionpack (7.1.2) lib/action_dispatch/middleware/actionable_exceptions.rb:16:in `call'
actionpack (7.1.2) lib/action_dispatch/middleware/debug_exceptions.rb:29:in `call'
web-console (4.2.1) lib/web_console/middleware.rb:132:in `call_app'
web-console (4.2.1) lib/web_console/middleware.rb:28:in `block in call'
web-console (4.2.1) lib/web_console/middleware.rb:17:in `catch'
web-console (4.2.1) lib/web_console/middleware.rb:17:in `call'
actionpack (7.1.2) lib/action_dispatch/middleware/show_exceptions.rb:31:in `call'
railties (7.1.2) lib/rails/rack/logger.rb:37:in `call_app'
railties (7.1.2) lib/rails/rack/logger.rb:24:in `block in call'
activesupport (7.1.2) lib/active_support/tagged_logging.rb:135:in `block in tagged'
activesupport (7.1.2) lib/active_support/tagged_logging.rb:39:in `tagged'
activesupport (7.1.2) lib/active_support/tagged_logging.rb:135:in `tagged'
activesupport (7.1.2) lib/active_support/broadcast_logger.rb:240:in `method_missing'
railties (7.1.2) lib/rails/rack/logger.rb:24:in `call'
sprockets-rails (3.4.2) lib/sprockets/rails/quiet_assets.rb:13:in `call'
actionpack (7.1.2) lib/action_dispatch/middleware/remote_ip.rb:92:in `call'
actionpack (7.1.2) lib/action_dispatch/middleware/request_id.rb:28:in `call'
rack (3.0.8) lib/rack/method_override.rb:28:in `call'
rack (3.0.8) lib/rack/runtime.rb:24:in `call'
activesupport (7.1.2) lib/active_support/cache/strategy/local_cache_middleware.rb:29:in `call'
actionpack (7.1.2) lib/action_dispatch/middleware/server_timing.rb:59:in `block in call'
actionpack (7.1.2) lib/action_dispatch/middleware/server_timing.rb:24:in `collect_events'
actionpack (7.1.2) lib/action_dispatch/middleware/server_timing.rb:58:in `call'
actionpack (7.1.2) lib/action_dispatch/middleware/executor.rb:14:in `call'
actionpack (7.1.2) lib/action_dispatch/middleware/static.rb:25:in `call'
rack (3.0.8) lib/rack/sendfile.rb:114:in `call'
actionpack (7.1.2) lib/action_dispatch/middleware/host_authorization.rb:141:in `call'
railties (7.1.2) lib/rails/engine.rb:529:in `call'
puma (6.4.1) lib/puma/configuration.rb:272:in `call'
puma (6.4.1) lib/puma/request.rb:100:in `block in handle_request'
puma (6.4.1) lib/puma/thread_pool.rb:378:in `with_force_shutdown'
puma (6.4.1) lib/puma/request.rb:99:in `handle_request'
puma (6.4.1) lib/puma/server.rb:464:in `process_client'
puma (6.4.1) lib/puma/server.rb:245:in `block in run'
puma (6.4.1) lib/puma/thread_pool.rb:155:in `block in spawn_thread'
Started GET "/" for ::1 at 2024-01-03 23:11:10 +0530
  
AbstractController::ActionNotFound (The action 'page' could not be found for ApplicationController):
  
actionpack (7.1.2) lib/abstract_controller/base.rb:155:in `process'
actionview (7.1.2) lib/action_view/rendering.rb:40:in `process'
actionpack (7.1.2) lib/action_controller/metal.rb:227:in `dispatch'
actionpack (7.1.2) lib/action_controller/metal.rb:309:in `dispatch'
actionpack (7.1.2) lib/action_dispatch/routing/route_set.rb:49:in `dispatch'
actionpack (7.1.2) lib/action_dispatch/routing/route_set.rb:32:in `serve'
actionpack (7.1.2) lib/action_dispatch/journey/router.rb:51:in `block in serve'
actionpack (7.1.2) lib/action_dispatch/journey/router.rb:131:in `block in find_routes'
actionpack (7.1.2) lib/action_dispatch/journey/router.rb:124:in `each'
actionpack (7.1.2) lib/action_dispatch/journey/router.rb:124:in `find_routes'
actionpack (7.1.2) lib/action_dispatch/journey/router.rb:32:in `serve'
actionpack (7.1.2) lib/action_dispatch/routing/route_set.rb:882:in `call'
rack (3.0.8) lib/rack/tempfile_reaper.rb:20:in `call'
rack (3.0.8) lib/rack/etag.rb:29:in `call'
rack (3.0.8) lib/rack/conditional_get.rb:31:in `call'
rack (3.0.8) lib/rack/head.rb:15:in `call'
actionpack (7.1.2) lib/action_dispatch/http/permissions_policy.rb:36:in `call'
actionpack (7.1.2) lib/action_dispatch/http/content_security_policy.rb:33:in `call'
rack-session (2.0.0) lib/rack/session/abstract/id.rb:272:in `context'
rack-session (2.0.0) lib/rack/session/abstract/id.rb:266:in `call'
actionpack (7.1.2) lib/action_dispatch/middleware/cookies.rb:689:in `call'
activerecord (7.1.2) lib/active_record/migration.rb:654:in `call'
actionpack (7.1.2) lib/action_dispatch/middleware/callbacks.rb:29:in `block in call'
activesupport (7.1.2) lib/active_support/callbacks.rb:101:in `run_callbacks'
actionpack (7.1.2) lib/action_dispatch/middleware/callbacks.rb:28:in `call'
actionpack (7.1.2) lib/action_dispatch/middleware/executor.rb:14:in `call'
actionpack (7.1.2) lib/action_dispatch/middleware/actionable_exceptions.rb:16:in `call'
actionpack (7.1.2) lib/action_dispatch/middleware/debug_exceptions.rb:29:in `call'
web-console (4.2.1) lib/web_console/middleware.rb:132:in `call_app'
web-console (4.2.1) lib/web_console/middleware.rb:28:in `block in call'
web-console (4.2.1) lib/web_console/middleware.rb:17:in `catch'
web-console (4.2.1) lib/web_console/middleware.rb:17:in `call'
actionpack (7.1.2) lib/action_dispatch/middleware/show_exceptions.rb:31:in `call'
railties (7.1.2) lib/rails/rack/logger.rb:37:in `call_app'
railties (7.1.2) lib/rails/rack/logger.rb:24:in `block in call'
activesupport (7.1.2) lib/active_support/tagged_logging.rb:135:in `block in tagged'
activesupport (7.1.2) lib/active_support/tagged_logging.rb:39:in `tagged'
activesupport (7.1.2) lib/active_support/tagged_logging.rb:135:in `tagged'
activesupport (7.1.2) lib/active_support/broadcast_logger.rb:240:in `method_missing'
railties (7.1.2) lib/rails/rack/logger.rb:24:in `call'
sprockets-rails (3.4.2) lib/sprockets/rails/quiet_assets.rb:13:in `call'
actionpack (7.1.2) lib/action_dispatch/middleware/remote_ip.rb:92:in `call'
actionpack (7.1.2) lib/action_dispatch/middleware/request_id.rb:28:in `call'
rack (3.0.8) lib/rack/method_override.rb:28:in `call'
rack (3.0.8) lib/rack/runtime.rb:24:in `call'
activesupport (7.1.2) lib/active_support/cache/strategy/local_cache_middleware.rb:29:in `call'
actionpack (7.1.2) lib/action_dispatch/middleware/server_timing.rb:59:in `block in call'
actionpack (7.1.2) lib/action_dispatch/middleware/server_timing.rb:24:in `collect_events'
actionpack (7.1.2) lib/action_dispatch/middleware/server_timing.rb:58:in `call'
actionpack (7.1.2) lib/action_dispatch/middleware/executor.rb:14:in `call'
actionpack (7.1.2) lib/action_dispatch/middleware/static.rb:25:in `call'
rack (3.0.8) lib/rack/sendfile.rb:114:in `call'
actionpack (7.1.2) lib/action_dispatch/middleware/host_authorization.rb:141:in `call'
railties (7.1.2) lib/rails/engine.rb:529:in `call'
puma (6.4.1) lib/puma/configuration.rb:272:in `call'
puma (6.4.1) lib/puma/request.rb:100:in `block in handle_request'
puma (6.4.1) lib/puma/thread_pool.rb:378:in `with_force_shutdown'
puma (6.4.1) lib/puma/request.rb:99:in `handle_request'
puma (6.4.1) lib/puma/server.rb:464:in `process_client'
puma (6.4.1) lib/puma/server.rb:245:in `block in run'
puma (6.4.1) lib/puma/thread_pool.rb:155:in `block in spawn_thread'
Started GET "/" for ::1 at 2024-01-03 23:11:10 +0530
  
AbstractController::ActionNotFound (The action 'page' could not be found for ApplicationController):
  
actionpack (7.1.2) lib/abstract_controller/base.rb:155:in `process'
actionview (7.1.2) lib/action_view/rendering.rb:40:in `process'
actionpack (7.1.2) lib/action_controller/metal.rb:227:in `dispatch'
actionpack (7.1.2) lib/action_controller/metal.rb:309:in `dispatch'
actionpack (7.1.2) lib/action_dispatch/routing/route_set.rb:49:in `dispatch'
actionpack (7.1.2) lib/action_dispatch/routing/route_set.rb:32:in `serve'
actionpack (7.1.2) lib/action_dispatch/journey/router.rb:51:in `block in serve'
actionpack (7.1.2) lib/action_dispatch/journey/router.rb:131:in `block in find_routes'
actionpack (7.1.2) lib/action_dispatch/journey/router.rb:124:in `each'
actionpack (7.1.2) lib/action_dispatch/journey/router.rb:124:in `find_routes'
actionpack (7.1.2) lib/action_dispatch/journey/router.rb:32:in `serve'
actionpack (7.1.2) lib/action_dispatch/routing/route_set.rb:882:in `call'
rack (3.0.8) lib/rack/tempfile_reaper.rb:20:in `call'
rack (3.0.8) lib/rack/etag.rb:29:in `call'
rack (3.0.8) lib/rack/conditional_get.rb:31:in `call'
rack (3.0.8) lib/rack/head.rb:15:in `call'
actionpack (7.1.2) lib/action_dispatch/http/permissions_policy.rb:36:in `call'
actionpack (7.1.2) lib/action_dispatch/http/content_security_policy.rb:33:in `call'
rack-session (2.0.0) lib/rack/session/abstract/id.rb:272:in `context'
rack-session (2.0.0) lib/rack/session/abstract/id.rb:266:in `call'
actionpack (7.1.2) lib/action_dispatch/middleware/cookies.rb:689:in `call'
activerecord (7.1.2) lib/active_record/migration.rb:654:in `call'
actionpack (7.1.2) lib/action_dispatch/middleware/callbacks.rb:29:in `block in call'
activesupport (7.1.2) lib/active_support/callbacks.rb:101:in `run_callbacks'
actionpack (7.1.2) lib/action_dispatch/middleware/callbacks.rb:28:in `call'
actionpack (7.1.2) lib/action_dispatch/middleware/executor.rb:14:in `call'
actionpack (7.1.2) lib/action_dispatch/middleware/actionable_exceptions.rb:16:in `call'
actionpack (7.1.2) lib/action_dispatch/middleware/debug_exceptions.rb:29:in `call'
web-console (4.2.1) lib/web_console/middleware.rb:132:in `call_app'
web-console (4.2.1) lib/web_console/middleware.rb:28:in `block in call'
web-console (4.2.1) lib/web_console/middleware.rb:17:in `catch'
web-console (4.2.1) lib/web_console/middleware.rb:17:in `call'
actionpack (7.1.2) lib/action_dispatch/middleware/show_exceptions.rb:31:in `call'
railties (7.1.2) lib/rails/rack/logger.rb:37:in `call_app'
railties (7.1.2) lib/rails/rack/logger.rb:24:in `block in call'
activesupport (7.1.2) lib/active_support/tagged_logging.rb:135:in `block in tagged'
activesupport (7.1.2) lib/active_support/tagged_logging.rb:39:in `tagged'
activesupport (7.1.2) lib/active_support/tagged_logging.rb:135:in `tagged'
activesupport (7.1.2) lib/active_support/broadcast_logger.rb:240:in `method_missing'
railties (7.1.2) lib/rails/rack/logger.rb:24:in `call'
sprockets-rails (3.4.2) lib/sprockets/rails/quiet_assets.rb:13:in `call'
actionpack (7.1.2) lib/action_dispatch/middleware/remote_ip.rb:92:in `call'
actionpack (7.1.2) lib/action_dispatch/middleware/request_id.rb:28:in `call'
rack (3.0.8) lib/rack/method_override.rb:28:in `call'
rack (3.0.8) lib/rack/runtime.rb:24:in `call'
activesupport (7.1.2) lib/active_support/cache/strategy/local_cache_middleware.rb:29:in `call'
actionpack (7.1.2) lib/action_dispatch/middleware/server_timing.rb:59:in `block in call'
actionpack (7.1.2) lib/action_dispatch/middleware/server_timing.rb:24:in `collect_events'
actionpack (7.1.2) lib/action_dispatch/middleware/server_timing.rb:58:in `call'
actionpack (7.1.2) lib/action_dispatch/middleware/executor.rb:14:in `call'
actionpack (7.1.2) lib/action_dispatch/middleware/static.rb:25:in `call'
rack (3.0.8) lib/rack/sendfile.rb:114:in `call'
actionpack (7.1.2) lib/action_dispatch/middleware/host_authorization.rb:141:in `call'
railties (7.1.2) lib/rails/engine.rb:529:in `call'
puma (6.4.1) lib/puma/configuration.rb:272:in `call'
puma (6.4.1) lib/puma/request.rb:100:in `block in handle_request'
puma (6.4.1) lib/puma/thread_pool.rb:378:in `with_force_shutdown'
puma (6.4.1) lib/puma/request.rb:99:in `handle_request'
puma (6.4.1) lib/puma/server.rb:464:in `process_client'
puma (6.4.1) lib/puma/server.rb:245:in `block in run'
puma (6.4.1) lib/puma/thread_pool.rb:155:in `block in spawn_thread'
Started GET "/" for ::1 at 2024-01-03 23:12:20 +0530
Processing by ApplicationController#page as HTML
  Rendering html template
  Rendered html template (Duration: 0.0ms | Allocations: 8)
Completed 200 OK in 1ms (Views: 1.2ms | ActiveRecord: 0.0ms | Allocations: 671)


Started GET "/" for ::1 at 2024-01-03 23:14:27 +0530
Processing by PagesController#login as HTML
Completed 406 Not Acceptable in 1ms (ActiveRecord: 0.0ms | Allocations: 858)


  
ActionController::MissingExactTemplate (PagesController#login is missing a template for request formats: text/html):
  
actionpack (7.1.2) lib/action_controller/metal/implicit_render.rb:47:in `default_render'
actionpack (7.1.2) lib/action_controller/metal/basic_implicit_render.rb:7:in `send_action'
actionpack (7.1.2) lib/abstract_controller/base.rb:224:in `process_action'
actionpack (7.1.2) lib/action_controller/metal/rendering.rb:165:in `process_action'
actionpack (7.1.2) lib/abstract_controller/callbacks.rb:259:in `block in process_action'
activesupport (7.1.2) lib/active_support/callbacks.rb:121:in `block in run_callbacks'
actiontext (7.1.2) lib/action_text/rendering.rb:23:in `with_renderer'
actiontext (7.1.2) lib/action_text/engine.rb:69:in `block (4 levels) in <class:Engine>'
activesupport (7.1.2) lib/active_support/callbacks.rb:130:in `instance_exec'
activesupport (7.1.2) lib/active_support/callbacks.rb:130:in `block in run_callbacks'
activesupport (7.1.2) lib/active_support/callbacks.rb:141:in `run_callbacks'
actionpack (7.1.2) lib/abstract_controller/callbacks.rb:258:in `process_action'
actionpack (7.1.2) lib/action_controller/metal/rescue.rb:25:in `process_action'
actionpack (7.1.2) lib/action_controller/metal/instrumentation.rb:74:in `block in process_action'
activesupport (7.1.2) lib/active_support/notifications.rb:206:in `block in instrument'
activesupport (7.1.2) lib/active_support/notifications/instrumenter.rb:58:in `instrument'
activesupport (7.1.2) lib/active_support/notifications.rb:206:in `instrument'
actionpack (7.1.2) lib/action_controller/metal/instrumentation.rb:73:in `process_action'
actionpack (7.1.2) lib/action_controller/metal/params_wrapper.rb:261:in `process_action'
activerecord (7.1.2) lib/active_record/railties/controller_runtime.rb:32:in `process_action'
actionpack (7.1.2) lib/abstract_controller/base.rb:160:in `process'
actionview (7.1.2) lib/action_view/rendering.rb:40:in `process'
actionpack (7.1.2) lib/action_controller/metal.rb:227:in `dispatch'
actionpack (7.1.2) lib/action_controller/metal.rb:309:in `dispatch'
actionpack (7.1.2) lib/action_dispatch/routing/route_set.rb:49:in `dispatch'
actionpack (7.1.2) lib/action_dispatch/routing/route_set.rb:32:in `serve'
actionpack (7.1.2) lib/action_dispatch/journey/router.rb:51:in `block in serve'
actionpack (7.1.2) lib/action_dispatch/journey/router.rb:131:in `block in find_routes'
actionpack (7.1.2) lib/action_dispatch/journey/router.rb:124:in `each'
actionpack (7.1.2) lib/action_dispatch/journey/router.rb:124:in `find_routes'
actionpack (7.1.2) lib/action_dispatch/journey/router.rb:32:in `serve'
actionpack (7.1.2) lib/action_dispatch/routing/route_set.rb:882:in `call'
rack (3.0.8) lib/rack/tempfile_reaper.rb:20:in `call'
rack (3.0.8) lib/rack/etag.rb:29:in `call'
rack (3.0.8) lib/rack/conditional_get.rb:31:in `call'
rack (3.0.8) lib/rack/head.rb:15:in `call'
actionpack (7.1.2) lib/action_dispatch/http/permissions_policy.rb:36:in `call'
actionpack (7.1.2) lib/action_dispatch/http/content_security_policy.rb:33:in `call'
rack-session (2.0.0) lib/rack/session/abstract/id.rb:272:in `context'
rack-session (2.0.0) lib/rack/session/abstract/id.rb:266:in `call'
actionpack (7.1.2) lib/action_dispatch/middleware/cookies.rb:689:in `call'
activerecord (7.1.2) lib/active_record/migration.rb:654:in `call'
actionpack (7.1.2) lib/action_dispatch/middleware/callbacks.rb:29:in `block in call'
activesupport (7.1.2) lib/active_support/callbacks.rb:101:in `run_callbacks'
actionpack (7.1.2) lib/action_dispatch/middleware/callbacks.rb:28:in `call'
actionpack (7.1.2) lib/action_dispatch/middleware/executor.rb:14:in `call'
actionpack (7.1.2) lib/action_dispatch/middleware/actionable_exceptions.rb:16:in `call'
actionpack (7.1.2) lib/action_dispatch/middleware/debug_exceptions.rb:29:in `call'
web-console (4.2.1) lib/web_console/middleware.rb:132:in `call_app'
web-console (4.2.1) lib/web_console/middleware.rb:28:in `block in call'
web-console (4.2.1) lib/web_console/middleware.rb:17:in `catch'
web-console (4.2.1) lib/web_console/middleware.rb:17:in `call'
actionpack (7.1.2) lib/action_dispatch/middleware/show_exceptions.rb:31:in `call'
railties (7.1.2) lib/rails/rack/logger.rb:37:in `call_app'
railties (7.1.2) lib/rails/rack/logger.rb:24:in `block in call'
activesupport (7.1.2) lib/active_support/tagged_logging.rb:135:in `block in tagged'
activesupport (7.1.2) lib/active_support/tagged_logging.rb:39:in `tagged'
activesupport (7.1.2) lib/active_support/tagged_logging.rb:135:in `tagged'
activesupport (7.1.2) lib/active_support/broadcast_logger.rb:240:in `method_missing'
railties (7.1.2) lib/rails/rack/logger.rb:24:in `call'
sprockets-rails (3.4.2) lib/sprockets/rails/quiet_assets.rb:13:in `call'
actionpack (7.1.2) lib/action_dispatch/middleware/remote_ip.rb:92:in `call'
actionpack (7.1.2) lib/action_dispatch/middleware/request_id.rb:28:in `call'
rack (3.0.8) lib/rack/method_override.rb:28:in `call'
rack (3.0.8) lib/rack/runtime.rb:24:in `call'
activesupport (7.1.2) lib/active_support/cache/strategy/local_cache_middleware.rb:29:in `call'
actionpack (7.1.2) lib/action_dispatch/middleware/server_timing.rb:59:in `block in call'
actionpack (7.1.2) lib/action_dispatch/middleware/server_timing.rb:24:in `collect_events'
actionpack (7.1.2) lib/action_dispatch/middleware/server_timing.rb:58:in `call'
actionpack (7.1.2) lib/action_dispatch/middleware/executor.rb:14:in `call'
actionpack (7.1.2) lib/action_dispatch/middleware/static.rb:25:in `call'
rack (3.0.8) lib/rack/sendfile.rb:114:in `call'
actionpack (7.1.2) lib/action_dispatch/middleware/host_authorization.rb:141:in `call'
railties (7.1.2) lib/rails/engine.rb:529:in `call'
puma (6.4.1) lib/puma/configuration.rb:272:in `call'
puma (6.4.1) lib/puma/request.rb:100:in `block in handle_request'
puma (6.4.1) lib/puma/thread_pool.rb:378:in `with_force_shutdown'
puma (6.4.1) lib/puma/request.rb:99:in `handle_request'
puma (6.4.1) lib/puma/server.rb:464:in `process_client'
puma (6.4.1) lib/puma/server.rb:245:in `block in run'
puma (6.4.1) lib/puma/thread_pool.rb:155:in `block in spawn_thread'
Started GET "/" for ::1 at 2024-01-03 23:15:28 +0530
Processing by PagesController#login as HTML
  Rendering layout layouts/application.html.erb
  Rendering pages/login.html.erb within layouts/application
  Rendered pages/login.html.erb within layouts/application (Duration: 0.1ms | Allocations: 94)
  Rendered layout layouts/application.html.erb (Duration: 1194.1ms | Allocations: 207862)
Completed 200 OK in 1195ms (Views: 1194.8ms | ActiveRecord: 0.0ms | Allocations: 208792)


Started GET "/" for ::1 at 2024-01-03 23:21:13 +0530
Processing by PagesController#login as HTML
  Rendering layout layouts/application.html.erb
  Rendering pages/login.html.erb within layouts/application
  Rendered pages/login.html.erb within layouts/application (Duration: 0.1ms | Allocations: 96)
  Rendered layout layouts/application.html.erb (Duration: 14.2ms | Allocations: 25760)
Completed 200 OK in 15ms (Views: 14.8ms | ActiveRecord: 0.0ms | Allocations: 26683)


Started GET "/" for ::1 at 2024-01-03 23:21:23 +0530
Processing by PagesController#login as HTML
  Rendering layout layouts/application.html.erb
  Rendering pages/login.html.erb within layouts/application
  Rendered pages/login.html.erb within layouts/application (Duration: 0.1ms | Allocations: 92)
  Rendered layout layouts/application.html.erb (Duration: 6.4ms | Allocations: 23109)
Completed 200 OK in 7ms (Views: 7.0ms | ActiveRecord: 0.0ms | Allocations: 24028)


Started GET "/" for ::1 at 2024-01-03 23:21:56 +0530
Processing by PagesController#login as HTML
  Rendering layout layouts/application.html.erb
  Rendering pages/login.html.erb within layouts/application
  Rendered pages/login.html.erb within layouts/application (Duration: 0.1ms | Allocations: 96)
  Rendered layout layouts/application.html.erb (Duration: 7.5ms | Allocations: 23247)
Completed 200 OK in 9ms (Views: 8.1ms | ActiveRecord: 0.0ms | Allocations: 24170)


Started GET "/" for ::1 at 2024-01-03 23:21:57 +0530
Processing by PagesController#login as HTML
  Rendering layout layouts/application.html.erb
  Rendering pages/login.html.erb within layouts/application
  Rendered pages/login.html.erb within layouts/application (Duration: 0.1ms | Allocations: 7)
  Rendered layout layouts/application.html.erb (Duration: 8.0ms | Allocations: 5086)
Completed 200 OK in 10ms (Views: 9.0ms | ActiveRecord: 0.0ms | Allocations: 5333)


Started GET "/" for ::1 at 2024-01-03 23:22:03 +0530
Processing by PagesController#login as HTML
  Rendering layout layouts/application.html.erb
  Rendering pages/login.html.erb within layouts/application
  Rendered pages/login.html.erb within layouts/application (Duration: 0.1ms | Allocations: 7)
  Rendered layout layouts/application.html.erb (Duration: 8.4ms | Allocations: 5089)
Completed 200 OK in 10ms (Views: 9.1ms | ActiveRecord: 0.0ms | Allocations: 5334)


Started GET "/" for ::1 at 2024-01-03 23:22:15 +0530
Processing by PagesController#login as HTML
  Rendering layout layouts/application.html.erb
  Rendering pages/login.html.erb within layouts/application
  Rendered pages/login.html.erb within layouts/application (Duration: 0.1ms | Allocations: 92)
  Rendered layout layouts/application.html.erb (Duration: 8.3ms | Allocations: 23283)
Completed 200 OK in 9ms (Views: 8.9ms | ActiveRecord: 0.0ms | Allocations: 24203)


Started GET "/" for ::1 at 2024-01-03 23:22:20 +0530
Processing by PagesController#login as HTML
  Rendering layout layouts/application.html.erb
  Rendering pages/login.html.erb within layouts/application
  Rendered pages/login.html.erb within layouts/application (Duration: 0.1ms | Allocations: 7)
  Rendered layout layouts/application.html.erb (Duration: 9.1ms | Allocations: 5092)
Completed 200 OK in 11ms (Views: 10.0ms | ActiveRecord: 0.0ms | Allocations: 5337)


Started GET "/" for ::1 at 2024-01-03 23:22:42 +0530
Processing by PagesController#login as HTML
  Rendering layout layouts/application.html.erb
  Rendering pages/login.html.erb within layouts/application
  Rendered pages/login.html.erb within layouts/application (Duration: 0.2ms | Allocations: 96)
  Rendered layout layouts/application.html.erb (Duration: 7.4ms | Allocations: 23139)
Completed 200 OK in 9ms (Views: 8.0ms | ActiveRecord: 0.0ms | Allocations: 24062)


Started GET "/" for ::1 at 2024-01-03 23:22:52 +0530
Processing by PagesController#login as HTML
  Rendering layout layouts/application.html.erb
  Rendering pages/login.html.erb within layouts/application
  Rendered pages/login.html.erb within layouts/application (Duration: 0.1ms | Allocations: 94)
  Rendered layout layouts/application.html.erb (Duration: 6.6ms | Allocations: 23233)
Completed 200 OK in 8ms (Views: 7.2ms | ActiveRecord: 0.0ms | Allocations: 24156)


Started GET "/" for ::1 at 2024-01-03 23:23:43 +0530
Processing by PagesController#login as HTML
  Rendering layout layouts/application.html.erb
  Rendering pages/login.html.erb within layouts/application
  Rendered pages/login.html.erb within layouts/application (Duration: 0.1ms | Allocations: 92)
  Rendered layout layouts/application.html.erb (Duration: 8.1ms | Allocations: 23253)
Completed 200 OK in 9ms (Views: 8.7ms | ActiveRecord: 0.0ms | Allocations: 24173)


Started GET "/" for ::1 at 2024-01-03 23:24:57 +0530
Processing by PagesController#login as HTML
  Rendering layout layouts/application.html.erb
  Rendering pages/login.html.erb within layouts/application
  Rendered pages/login.html.erb within layouts/application (Duration: 0.1ms | Allocations: 96)
  Rendered layout layouts/application.html.erb (Duration: 6.8ms | Allocations: 23165)
Completed 200 OK in 8ms (Views: 7.3ms | ActiveRecord: 0.0ms | Allocations: 24088)


Started GET "/" for ::1 at 2024-01-03 23:25:52 +0530
Processing by PagesController#login as HTML
  Rendering layout layouts/application.html.erb
  Rendering pages/login.html.erb within layouts/application
  Rendered pages/login.html.erb within layouts/application (Duration: 0.1ms | Allocations: 94)
  Rendered layout layouts/application.html.erb (Duration: 6.7ms | Allocations: 23256)
Completed 200 OK in 8ms (Views: 7.2ms | ActiveRecord: 0.0ms | Allocations: 24179)


Started GET "/" for ::1 at 2024-01-03 23:28:57 +0530
Processing by PagesController#login as HTML
  Rendering layout layouts/application.html.erb
  Rendering pages/login.html.erb within layouts/application
  Rendered pages/login.html.erb within layouts/application (Duration: 0.0ms | Allocations: 7)
  Rendered layout layouts/application.html.erb (Duration: 25.1ms | Allocations: 23981)
Completed 200 OK in 27ms (Views: 25.8ms | ActiveRecord: 0.0ms | Allocations: 24229)


Started GET "/" for ::1 at 2024-01-03 23:29:01 +0530
Processing by PagesController#login as HTML
  Rendering layout layouts/application.html.erb
  Rendering pages/login.html.erb within layouts/application
  Rendered pages/login.html.erb within layouts/application (Duration: 0.1ms | Allocations: 7)
  Rendered layout layouts/application.html.erb (Duration: 8.6ms | Allocations: 5095)
Completed 200 OK in 11ms (Views: 10.0ms | ActiveRecord: 0.0ms | Allocations: 5340)


Started GET "/" for ::1 at 2024-01-03 23:29:02 +0530
Processing by PagesController#login as HTML
  Rendering layout layouts/application.html.erb
  Rendering pages/login.html.erb within layouts/application
  Rendered pages/login.html.erb within layouts/application (Duration: 0.0ms | Allocations: 7)
  Rendered layout layouts/application.html.erb (Duration: 5.8ms | Allocations: 5083)
Completed 200 OK in 7ms (Views: 6.2ms | ActiveRecord: 0.0ms | Allocations: 5328)


Started GET "/" for ::1 at 2024-01-03 23:29:22 +0530
  [1m[36mActiveRecord::SchemaMigration Load (0.4ms)[0m  [1m[34mSELECT "schema_migrations"."version" FROM "schema_migrations" ORDER BY "schema_migrations"."version" ASC[0m
Processing by PagesController#login as HTML
  Rendering layout layouts/application.html.erb
  Rendering pages/login.html.erb within layouts/application
  Rendered pages/login.html.erb within layouts/application (Duration: 0.1ms | Allocations: 183)
  Rendered layout layouts/application.html.erb (Duration: 49.1ms | Allocations: 65769)
Completed 200 OK in 55ms (Views: 50.7ms | ActiveRecord: 0.0ms | Allocations: 69853)


Started GET "/" for ::1 at 2024-01-03 23:29:22 +0530
Processing by PagesController#login as HTML
  Rendering layout layouts/application.html.erb
  Rendering pages/login.html.erb within layouts/application
  Rendered pages/login.html.erb within layouts/application (Duration: 0.0ms | Allocations: 7)
  Rendered layout layouts/application.html.erb (Duration: 15.8ms | Allocations: 5094)
Completed 200 OK in 17ms (Views: 16.3ms | ActiveRecord: 0.0ms | Allocations: 5346)


Started GET "/" for ::1 at 2024-01-03 23:30:11 +0530
Processing by PagesController#login as HTML
  Rendering layout layouts/application.html.erb
  Rendering pages/login.html.erb within layouts/application
  Rendered pages/login.html.erb within layouts/application (Duration: 0.1ms | Allocations: 7)
  Rendered layout layouts/application.html.erb (Duration: 26.7ms | Allocations: 24221)
Completed 200 OK in 30ms (Views: 27.4ms | ActiveRecord: 0.0ms | Allocations: 24474)


Started GET "/" for ::1 at 2024-01-03 23:30:12 +0530
Processing by PagesController#login as HTML
  Rendering layout layouts/application.html.erb
  Rendering pages/login.html.erb within layouts/application
  Rendered pages/login.html.erb within layouts/application (Duration: 0.1ms | Allocations: 7)
  Rendered layout layouts/application.html.erb (Duration: 9.9ms | Allocations: 5104)
Completed 200 OK in 12ms (Views: 10.8ms | ActiveRecord: 0.0ms | Allocations: 5350)


Started GET "/" for ::1 at 2024-01-03 23:30:55 +0530
Processing by PagesController#login as HTML
  Rendering layout layouts/application.html.erb
  Rendering pages/login.html.erb within layouts/application
  Rendered pages/login.html.erb within layouts/application (Duration: 0.1ms | Allocations: 7)
  Rendered layout layouts/application.html.erb (Duration: 27.2ms | Allocations: 24025)
Completed 200 OK in 29ms (Views: 28.0ms | ActiveRecord: 0.0ms | Allocations: 24271)


Started GET "/" for ::1 at 2024-01-03 23:31:11 +0530
  [1m[36mActiveRecord::SchemaMigration Load (0.1ms)[0m  [1m[34mSELECT "schema_migrations"."version" FROM "schema_migrations" ORDER BY "schema_migrations"."version" ASC[0m
Processing by PagesController#login as HTML
  Rendering layout layouts/application.html.erb
  Rendering pages/login.html.erb within layouts/application
  Rendered pages/login.html.erb within layouts/application (Duration: 0.1ms | Allocations: 183)
  Rendered layout layouts/application.html.erb (Duration: 48.7ms | Allocations: 66578)
Completed 200 OK in 54ms (Views: 50.3ms | ActiveRecord: 0.0ms | Allocations: 70662)


Started GET "/" for ::1 at 2024-01-03 23:31:15 +0530
Processing by PagesController#login as HTML
  Rendering layout layouts/application.html.erb
  Rendering pages/login.html.erb within layouts/application
  Rendered pages/login.html.erb within layouts/application (Duration: 0.0ms | Allocations: 7)
  Rendered layout layouts/application.html.erb (Duration: 15.3ms | Allocations: 5100)
Completed 200 OK in 17ms (Views: 15.8ms | ActiveRecord: 0.0ms | Allocations: 5352)


Started GET "/" for ::1 at 2024-01-03 23:32:26 +0530
Processing by PagesController#login as HTML
  Rendering layout layouts/application.html.erb
  Rendering pages/login.html.erb within layouts/application
  Rendered pages/login.html.erb within layouts/application (Duration: 0.1ms | Allocations: 96)
  Rendered layout layouts/application.html.erb (Duration: 6.8ms | Allocations: 23343)
Completed 200 OK in 8ms (Views: 7.5ms | ActiveRecord: 0.0ms | Allocations: 24269)


Started GET "/" for ::1 at 2024-01-03 23:34:24 +0530
Processing by PagesController#login as HTML
  Rendering layout layouts/application.html.erb
  Rendering pages/login.html.erb within layouts/application
  Rendered pages/login.html.erb within layouts/application (Duration: 0.1ms | Allocations: 92)
  Rendered layouts/_navigation.html.erb (Duration: 0.1ms | Allocations: 117)
  Rendered layout layouts/application.html.erb (Duration: 8.7ms | Allocations: 23689)
Completed 200 OK in 10ms (Views: 9.4ms | ActiveRecord: 0.0ms | Allocations: 24610)


Started GET "/" for ::1 at 2024-01-03 23:34:25 +0530
Processing by PagesController#login as HTML
  Rendering layout layouts/application.html.erb
  Rendering pages/login.html.erb within layouts/application
  Rendered pages/login.html.erb within layouts/application (Duration: 0.1ms | Allocations: 7)
  Rendered layouts/_navigation.html.erb (Duration: 0.1ms | Allocations: 9)
  Rendered layout layouts/application.html.erb (Duration: 10.2ms | Allocations: 5159)
Completed 200 OK in 12ms (Views: 10.9ms | ActiveRecord: 0.0ms | Allocations: 5409)


Started GET "/" for ::1 at 2024-01-03 23:36:04 +0530
Processing by PagesController#login as HTML
  Rendering layout layouts/application.html.erb
  Rendering pages/login.html.erb within layouts/application
  Rendered pages/login.html.erb within layouts/application (Duration: 0.1ms | Allocations: 7)
  Rendered layout layouts/application.html.erb (Duration: 23.4ms | Allocations: 14851)
Completed 500 Internal Server Error in 25ms (ActiveRecord: 0.0ms | Allocations: 15109)


  
ActionView::Template::Error (couldn't find file 'turbolinks' with type 'application/javascript'
Checked in these paths: 
  /Users/agam1092005/Desktop/Projects/Web/MochaMeetup/app/assets/config
  /Users/agam1092005/Desktop/Projects/Web/MochaMeetup/app/assets/images
  /Users/agam1092005/Desktop/Projects/Web/MochaMeetup/app/assets/stylesheets
  /Users/agam1092005/.rvm/gems/ruby-3.2.0/gems/jquery-rails-4.6.0/vendor/assets/javascripts
  /Users/agam1092005/.rvm/gems/ruby-3.2.0/gems/semantic-ui-sass-2.4.4.0/app/assets/fonts
  /Users/agam1092005/.rvm/gems/ruby-3.2.0/gems/semantic-ui-sass-2.4.4.0/app/assets/images
  /Users/agam1092005/.rvm/gems/ruby-3.2.0/gems/semantic-ui-sass-2.4.4.0/app/assets/javascripts
  /Users/agam1092005/.rvm/gems/ruby-3.2.0/gems/semantic-ui-sass-2.4.4.0/app/assets/stylesheets
  /Users/agam1092005/.rvm/gems/ruby-3.2.0/gems/stimulus-rails-1.3.2/app/assets/javascripts
  /Users/agam1092005/.rvm/rubies/ruby-3.2.0/lib/ruby/gems/3.2.0/gems/turbo-rails-1.5.0/app/assets/javascripts
  /Users/agam1092005/.rvm/rubies/ruby-3.2.0/lib/ruby/gems/3.2.0/gems/actiontext-7.1.2/app/assets/javascripts
  /Users/agam1092005/.rvm/rubies/ruby-3.2.0/lib/ruby/gems/3.2.0/gems/actiontext-7.1.2/app/assets/stylesheets
  /Users/agam1092005/.rvm/rubies/ruby-3.2.0/lib/ruby/gems/3.2.0/gems/actioncable-7.1.2/app/assets/javascripts
  /Users/agam1092005/.rvm/rubies/ruby-3.2.0/lib/ruby/gems/3.2.0/gems/activestorage-7.1.2/app/assets/javascripts
  /Users/agam1092005/.rvm/rubies/ruby-3.2.0/lib/ruby/gems/3.2.0/gems/actionview-7.1.2/app/assets/javascripts
  /Users/agam1092005/.rvm/rubies/ruby-3.2.0/lib/ruby/gems/3.2.0/gems/actionview-7.1.2/lib/assets/compiled
  /Users/agam1092005/Desktop/Projects/Web/MochaMeetup/app/javascript
  /Users/agam1092005/Desktop/Projects/Web/MochaMeetup/vendor/javascript):
     7:     <%= csp_meta_tag %>
     8: 
     9:     <%= stylesheet_link_tag "application", "data-turbo-track": "reload" %>
    10:     <%= javascript_importmap_tags %>
    11:   </head>
    12: 
    13:   <body>
  
app/views/layouts/application.html.erb:10
Started GET "/" for ::1 at 2024-01-03 23:36:15 +0530
Processing by PagesController#login as HTML
  Rendering layout layouts/application.html.erb
  Rendering pages/login.html.erb within layouts/application
  Rendered pages/login.html.erb within layouts/application (Duration: 0.1ms | Allocations: 7)
  Rendered layouts/_navigation.html.erb (Duration: 0.0ms | Allocations: 9)
  Rendered layout layouts/application.html.erb (Duration: 29.3ms | Allocations: 24275)
Completed 200 OK in 31ms (Views: 30.0ms | ActiveRecord: 0.0ms | Allocations: 24521)


Started GET "/" for ::1 at 2024-01-03 23:38:45 +0530
Processing by PagesController#login as HTML
  Rendering layout layouts/application.html.erb
  Rendering pages/login.html.erb within layouts/application
  Rendered pages/login.html.erb within layouts/application (Duration: 0.1ms | Allocations: 7)
  Rendered layouts/_navigation.html.erb (Duration: 0.1ms | Allocations: 9)
  Rendered layout layouts/application.html.erb (Duration: 8.3ms | Allocations: 5162)
Completed 200 OK in 10ms (Views: 9.0ms | ActiveRecord: 0.0ms | Allocations: 5407)


Started GET "/" for 127.0.0.1 at 2024-01-03 23:48:18 +0530
  [1m[36mActiveRecord::SchemaMigration Load (0.1ms)[0m  [1m[34mSELECT "schema_migrations"."version" FROM "schema_migrations" ORDER BY "schema_migrations"."version" ASC[0m
Processing by PagesController#login as HTML
  Rendering layout layouts/application.html.erb
  Rendering pages/login.html.erb within layouts/application
  Rendered pages/login.html.erb within layouts/application (Duration: 0.1ms | Allocations: 183)
  Rendered layouts/_navigation.html.erb (Duration: 0.1ms | Allocations: 118)
  Rendered layout layouts/application.html.erb (Duration: 51.8ms | Allocations: 66764)
Completed 200 OK in 57ms (Views: 53.4ms | ActiveRecord: 0.0ms | Allocations: 70844)


Started GET "/" for 127.0.0.1 at 2024-01-03 23:48:20 +0530
Processing by PagesController#login as HTML
  Rendering layout layouts/application.html.erb
  Rendering pages/login.html.erb within layouts/application
  Rendered pages/login.html.erb within layouts/application (Duration: 0.1ms | Allocations: 7)
  Rendered layouts/_navigation.html.erb (Duration: 0.0ms | Allocations: 9)
  Rendered layout layouts/application.html.erb (Duration: 14.0ms | Allocations: 6117)
Completed 200 OK in 15ms (Views: 14.7ms | ActiveRecord: 0.0ms | Allocations: 6370)


Started GET "/" for 127.0.0.1 at 2024-01-03 23:48:53 +0530
Processing by PagesController#login as HTML
  Rendering layout layouts/application.html.erb
  Rendering pages/login.html.erb within layouts/application
  Rendered pages/login.html.erb within layouts/application (Duration: 0.1ms | Allocations: 7)
  Rendered layouts/_navigation.html.erb (Duration: 0.0ms | Allocations: 9)
  Rendered layout layouts/application.html.erb (Duration: 25.8ms | Allocations: 24113)
Completed 200 OK in 27ms (Views: 26.5ms | ActiveRecord: 0.0ms | Allocations: 24365)


Started GET "/" for 127.0.0.1 at 2024-01-03 23:49:02 +0530
Processing by PagesController#login as HTML
  Rendering layout layouts/application.html.erb
  Rendering pages/login.html.erb within layouts/application
  Rendered pages/login.html.erb within layouts/application (Duration: 0.1ms | Allocations: 7)
  Rendered layouts/_navigation.html.erb (Duration: 0.0ms | Allocations: 9)
  Rendered layout layouts/application.html.erb (Duration: 29.7ms | Allocations: 22971)
Completed 200 OK in 31ms (Views: 30.4ms | ActiveRecord: 0.0ms | Allocations: 23222)


Started GET "/" for 127.0.0.1 at 2024-01-03 23:50:34 +0530
Processing by PagesController#login as HTML
  Rendering layout layouts/application.html.erb
  Rendering pages/login.html.erb within layouts/application
  Rendered pages/login.html.erb within layouts/application (Duration: 0.1ms | Allocations: 7)
  Rendered layouts/_navigation.html.erb (Duration: 0.0ms | Allocations: 9)
  Rendered layout layouts/application.html.erb (Duration: 26.6ms | Allocations: 24177)
Completed 200 OK in 28ms (Views: 27.1ms | ActiveRecord: 0.0ms | Allocations: 24424)


Started GET "/" for 127.0.0.1 at 2024-01-03 23:50:41 +0530
Processing by PagesController#login as HTML
  Rendering layout layouts/application.html.erb
  Rendering pages/login.html.erb within layouts/application
  Rendered pages/login.html.erb within layouts/application (Duration: 0.0ms | Allocations: 7)
  Rendered layouts/_navigation.html.erb (Duration: 0.0ms | Allocations: 9)
  Rendered layout layouts/application.html.erb (Duration: 21.9ms | Allocations: 22853)
Completed 200 OK in 23ms (Views: 22.4ms | ActiveRecord: 0.0ms | Allocations: 23099)


Started GET "/" for 127.0.0.1 at 2024-01-03 23:52:00 +0530
Processing by PagesController#login as HTML
  Rendering layout layouts/application.html.erb
  Rendering pages/login.html.erb within layouts/application
  Rendered pages/login.html.erb within layouts/application (Duration: 0.1ms | Allocations: 7)
  Rendered layout layouts/application.html.erb (Duration: 491.2ms | Allocations: 11352)
Completed 500 Internal Server Error in 492ms (ActiveRecord: 0.0ms | Allocations: 11617)


  
ActionView::Template::Error (Error: File to import not found or unreadable: @doabit/semantic-ui-sass/src/scss/semantic-ui.scss.
        on line 2:1 of app/assets/stylesheets/custom.css.scss
>> @import '@doabit/semantic-ui-sass/src/scss/semantic-ui.scss'

   ^
):
     6:     <%= csrf_meta_tags %>
     7:     <%= csp_meta_tag %>
     8: 
     9:     <%= stylesheet_link_tag "application", "data-turbo-track": "reload" %>
    10:     <%= javascript_importmap_tags %>
    11:   </head>
    12: 
  
app/views/layouts/application.html.erb:9
Started GET "/" for 127.0.0.1 at 2024-01-03 23:52:11 +0530
Processing by PagesController#login as HTML
  Rendering layout layouts/application.html.erb
  Rendering pages/login.html.erb within layouts/application
  Rendered pages/login.html.erb within layouts/application (Duration: 0.1ms | Allocations: 7)
  Rendered layout layouts/application.html.erb (Duration: 16.8ms | Allocations: 7071)
Completed 500 Internal Server Error in 18ms (ActiveRecord: 0.0ms | Allocations: 7306)


  
ActionView::Template::Error (Error: File to import not found or unreadable: @doabit/semantic-ui-sass/src/scss/semantic-ui.scss.
        on line 1:1 of app/assets/stylesheets/custom.css.scss
>> @import '@doabit/semantic-ui-sass/src/scss/semantic-ui.scss'

   ^
):
     6:     <%= csrf_meta_tags %>
     7:     <%= csp_meta_tag %>
     8: 
     9:     <%= stylesheet_link_tag "application", "data-turbo-track": "reload" %>
    10:     <%= javascript_importmap_tags %>
    11:   </head>
    12: 
  
app/views/layouts/application.html.erb:9
Started GET "/" for 127.0.0.1 at 2024-01-03 23:52:12 +0530
Processing by PagesController#login as HTML
  Rendering layout layouts/application.html.erb
  Rendering pages/login.html.erb within layouts/application
  Rendered pages/login.html.erb within layouts/application (Duration: 0.1ms | Allocations: 7)
  Rendered layout layouts/application.html.erb (Duration: 13.7ms | Allocations: 6326)
Completed 500 Internal Server Error in 15ms (ActiveRecord: 0.0ms | Allocations: 6561)


  
ActionView::Template::Error (Error: File to import not found or unreadable: @doabit/semantic-ui-sass/src/scss/semantic-ui.scss.
        on line 1:1 of app/assets/stylesheets/custom.css.scss
>> @import '@doabit/semantic-ui-sass/src/scss/semantic-ui.scss'

   ^
):
     6:     <%= csrf_meta_tags %>
     7:     <%= csp_meta_tag %>
     8: 
     9:     <%= stylesheet_link_tag "application", "data-turbo-track": "reload" %>
    10:     <%= javascript_importmap_tags %>
    11:   </head>
    12: 
  
app/views/layouts/application.html.erb:9
Started GET "/" for 127.0.0.1 at 2024-01-03 23:52:22 +0530
Processing by PagesController#login as HTML
  Rendering layout layouts/application.html.erb
  Rendering pages/login.html.erb within layouts/application
  Rendered pages/login.html.erb within layouts/application (Duration: 0.1ms | Allocations: 7)
  Rendered layout layouts/application.html.erb (Duration: 15.2ms | Allocations: 7111)
Completed 500 Internal Server Error in 17ms (ActiveRecord: 0.0ms | Allocations: 7346)


  
ActionView::Template::Error (Error: File to import not found or unreadable: @doabit/semantic-ui-sass/src/scss/semantic-ui.scss.
        on line 1:1 of app/assets/stylesheets/custom.css.scss
>> @import '@doabit/semantic-ui-sass/src/scss/semantic-ui.scss';

   ^
):
     6:     <%= csrf_meta_tags %>
     7:     <%= csp_meta_tag %>
     8: 
     9:     <%= stylesheet_link_tag "application", "data-turbo-track": "reload" %>
    10:     <%= javascript_importmap_tags %>
    11:   </head>
    12: 
  
app/views/layouts/application.html.erb:9
Started GET "/" for 127.0.0.1 at 2024-01-03 23:52:27 +0530
Processing by PagesController#login as HTML
  Rendering layout layouts/application.html.erb
  Rendering pages/login.html.erb within layouts/application
  Rendered pages/login.html.erb within layouts/application (Duration: 0.1ms | Allocations: 7)
  Rendered layouts/_navigation.html.erb (Duration: 0.0ms | Allocations: 9)
  Rendered layout layouts/application.html.erb (Duration: 1027.8ms | Allocations: 79543)
Completed 200 OK in 1029ms (Views: 1028.5ms | ActiveRecord: 0.0ms | Allocations: 79790)


Started GET "/" for 127.0.0.1 at 2024-01-03 23:52:43 +0530
Processing by PagesController#login as HTML
  Rendering layout layouts/application.html.erb
  Rendering pages/login.html.erb within layouts/application
  Rendered pages/login.html.erb within layouts/application (Duration: 0.1ms | Allocations: 7)
  Rendered layouts/_navigation.html.erb (Duration: 0.0ms | Allocations: 9)
  Rendered layout layouts/application.html.erb (Duration: 122.0ms | Allocations: 15002)
Completed 200 OK in 123ms (Views: 122.6ms | ActiveRecord: 0.0ms | Allocations: 15248)


Started GET "/" for 127.0.0.1 at 2024-01-03 23:52:44 +0530
Processing by PagesController#login as HTML
  Rendering layout layouts/application.html.erb
  Rendering pages/login.html.erb within layouts/application
  Rendered pages/login.html.erb within layouts/application (Duration: 0.0ms | Allocations: 7)
  Rendered layouts/_navigation.html.erb (Duration: 0.0ms | Allocations: 9)
  Rendered layout layouts/application.html.erb (Duration: 8.9ms | Allocations: 5141)
Completed 200 OK in 10ms (Views: 9.5ms | ActiveRecord: 0.0ms | Allocations: 5387)


Started GET "/" for 127.0.0.1 at 2024-01-03 23:53:29 +0530
Processing by PagesController#login as HTML
  Rendering layout layouts/application.html.erb
  Rendering pages/login.html.erb within layouts/application
  Rendered pages/login.html.erb within layouts/application (Duration: 0.1ms | Allocations: 7)
  Rendered layouts/_navigation.html.erb (Duration: 0.0ms | Allocations: 9)
  Rendered layout layouts/application.html.erb (Duration: 25.7ms | Allocations: 24384)
Completed 200 OK in 27ms (Views: 26.4ms | ActiveRecord: 0.0ms | Allocations: 24630)


Started GET "/" for 127.0.0.1 at 2024-01-03 23:53:30 +0530
Processing by PagesController#login as HTML
  Rendering layout layouts/application.html.erb
  Rendering pages/login.html.erb within layouts/application
  Rendered pages/login.html.erb within layouts/application (Duration: 0.0ms | Allocations: 7)
  Rendered layouts/_navigation.html.erb (Duration: 0.0ms | Allocations: 9)
  Rendered layout layouts/application.html.erb (Duration: 7.5ms | Allocations: 5158)
Completed 200 OK in 9ms (Views: 8.2ms | ActiveRecord: 0.0ms | Allocations: 5404)


Started GET "/" for 127.0.0.1 at 2024-01-03 23:59:00 +0530
Processing by PagesController#login as HTML
  Rendering layout layouts/application.html.erb
  Rendering pages/login.html.erb within layouts/application
  Rendered pages/login.html.erb within layouts/application (Duration: 0.1ms | Allocations: 96)
  Rendered layouts/_navigation.html.erb (Duration: 0.1ms | Allocations: 110)
  Rendered layout layouts/application.html.erb (Duration: 106.3ms | Allocations: 66918)
Completed 200 OK in 107ms (Views: 106.9ms | ActiveRecord: 0.0ms | Allocations: 67841)


